<?xml version="1.0" encoding="UTF-8"?>
<!-- Generated by org.testng.reporters.JUnitReportReporter -->
<testsuite skipped="0" hostname="DESKTOP-0ET4NJV" name="com.acme.testcases.TC001_LoginLogOut" tests="1" failures="0" timestamp="08 Feb 2020 09:12:43 GMT" time="8.843" errors="0">
  <testcase name="createLeaf" time="8.843" classname="com.acme.testcases.TC001_LoginLogOut"/>
</testsuite> <!-- com.acme.testcases.TC001_LoginLogOut -->
